<?xml version="1.0" encoding="UTF-8"?>
<!-- Generated by org.testng.reporters.JUnitReportReporter -->
<testsuite skipped="0" hostname="DESKTOP-PC45DLR" name="tests.ShopTests" tests="1" failures="0" timestamp="25 Oct 2020 07:31:13 GMT" time="30.844" errors="0">
  <testcase name="navigate_to_homepage_click_on_getstarted" time="30.844" classname="tests.ShopTests"/>
</testsuite> <!-- tests.ShopTests -->
